  speechManager.cpp
D:\zero\w\cpp\speechManager2\speechManager2\speechManager.cpp(211,31): warning C4267: “=”: 从“size_t”转换到“int”，可能丢失数据
D:\zero\s\VS\IDE\VC\Tools\MSVC\14.32.31326\include\numeric(34,26): warning C4244: “=”: 从“double”转换到“_Ty”，可能丢失数据
          with
          [
              _Ty=float
          ]
D:\zero\s\VS\IDE\VC\Tools\MSVC\14.32.31326\include\numeric(41): message : 查看对正在编译的函数 模板 实例化“_Ty std::accumulate<_InIt,_Ty,std::plus<void>>(const _InIt,const _InIt,_Ty,_Fn)”的引用
          with
          [
              _Ty=float,
              _InIt=std::_Deque_iterator<std::_Deque_val<std::_Deque_simple_types<double>>>,
              _Fn=std::plus<void>
          ]
D:\zero\w\cpp\speechManager2\speechManager2\speechManager.cpp(116): message : 查看对正在编译的函数 模板 实例化“_Ty std::accumulate<std::_Deque_iterator<std::_Deque_val<std::_Deque_simple_types<double>>>,float>(const _InIt,const _InIt,_Ty)”的引用
          with
          [
              _Ty=float,
              _InIt=std::_Deque_iterator<std::_Deque_val<std::_Deque_simple_types<double>>>
          ]
  speechManager2.vcxproj -> D:\zero\w\cpp\speechManager2\x64\Debug\speechManager2.exe
